<?xml version="1.0" encoding="UTF-8"?>
<testng-results ignored="0" total="1" passed="1" failed="0" skipped="0">
  <reporter-output>
  </reporter-output>
  <suite started-at="2023-07-18T12:33:22 CDT" name="Command line suite" finished-at="2023-07-18T12:33:22 CDT" duration-ms="28">
    <groups>
    </groups>
    <test started-at="2023-07-18T12:33:22 CDT" name="Command line test" finished-at="2023-07-18T12:33:22 CDT" duration-ms="28">
      <class name="automation.WebTest">
        <test-method signature="login()[pri:0, instance:automation.WebTest@78047b92]" started-at="2023-07-18T12:33:22 CDT" name="login" finished-at="2023-07-18T12:33:22 CDT" duration-ms="3" status="PASS">
          <reporter-output>
          </reporter-output>
        </test-method> <!-- login -->
      </class> <!-- automation.WebTest -->
    </test> <!-- Command line test -->
  </suite> <!-- Command line suite -->
</testng-results>
